<?xml version="1.0" encoding="UTF-8"?>
<!-- Generated by org.testng.reporters.JUnitReportReporter -->
<testsuite skipped="0" hostname="LAPTOP-C4QLKEEG" name="com.crm.Practice.createContactTest.CreateContactTest" tests="1" failures="0" timestamp="30 Dec 2021 11:57:48 GMT" time="14.485" errors="0">
  <testcase name="demoTest" time="14.485" classname="com.crm.Practice.createContactTest.CreateContactTest"/>
</testsuite> <!-- com.crm.Practice.createContactTest.CreateContactTest -->
