<?xml version="1.0" encoding="UTF-8"?>
<!-- Generated by org.testng.reporters.JUnitReportReporter -->
<testsuite skipped="0" hostname="LAPTOP-C4QLKEEG" name="com.crm.Practice.orgTest.CreateOrganizationTest" tests="1" failures="0" timestamp="30 Dec 2021 11:57:48 GMT" time="14.219" errors="0">
  <testcase name="demoTest2" time="14.219" classname="com.crm.Practice.orgTest.CreateOrganizationTest"/>
</testsuite> <!-- com.crm.Practice.orgTest.CreateOrganizationTest -->
